<?xml version="1.0" encoding="UTF-8"?>
<!-- Generated by org.testng.reporters.JUnitXMLReporter -->
<testsuite hostname="TCOE-7374J0N-LX" ignored="0" name="Test" tests="3" failures="0" timestamp="23 Apr 2018 08:11:46 GMT" time="0.031" errors="0">
  <testcase name="@BeforeMethod beforeMethod" time="0.0" classname="com.seleniumbootcampframework.core.Browser">
    <failure type="java.lang.NullPointerException">
      <![CDATA[java.lang.NullPointerException
	at com.seleniumbootcampframework.core.Browser.openBrowser(Browser.java:177)
	at com.seleniumbootcampframework.core.Browser.beforeMethod(Browser.java:351)
... Removed 27 stack frames]]>
    </failure>
  </testcase> <!-- @BeforeMethod beforeMethod -->
  <testcase name="@BeforeMethod beforeMethod" time="0.0" classname="com.seleniumbootcampframework.core.Browser">
    <failure type="java.lang.NullPointerException">
      <![CDATA[java.lang.NullPointerException
	at com.seleniumbootcampframework.core.Browser.openBrowser(Browser.java:177)
	at com.seleniumbootcampframework.core.Browser.beforeMethod(Browser.java:351)
... Removed 27 stack frames]]>
    </failure>
  </testcase> <!-- @BeforeMethod beforeMethod -->
  <testcase name="@BeforeMethod beforeMethod" time="0.0" classname="com.seleniumbootcampframework.core.Browser">
    <failure type="java.lang.NullPointerException">
      <![CDATA[java.lang.NullPointerException
	at com.seleniumbootcampframework.core.Browser.openBrowser(Browser.java:177)
	at com.seleniumbootcampframework.core.Browser.beforeMethod(Browser.java:351)
... Removed 27 stack frames]]>
    </failure>
  </testcase> <!-- @BeforeMethod beforeMethod -->
  <testcase name="signInWithRegisteredUser" time="0.0" classname="com.seleniumbootcampframework.tests.SignInTest">
    <skipped/>
  </testcase> <!-- signInWithRegisteredUser -->
  <testcase name="signInWithUnregisteredUser" time="0.0" classname="com.seleniumbootcampframework.tests.SignInTest">
    <skipped/>
  </testcase> <!-- signInWithUnregisteredUser -->
  <testcase name="successfulScreenshotForFailedTest" time="0.0" classname="com.seleniumbootcampframework.tests.SignInTest">
    <skipped/>
  </testcase> <!-- successfulScreenshotForFailedTest -->
</testsuite> <!-- Test -->
